2024-11-04 10:43:43,508 - Usuarios cargados correctamente.
2024-11-04 10:43:51,625 - Usuarios cargados correctamente.
2024-11-04 10:44:22,729 - Usuarios cargados correctamente.
2024-11-04 10:45:44,341 - Puerto COM3 abierto correctamente.
2024-11-04 10:45:46,002 - Línea recibida del Arduino: INFO: ROBOT ONLINE
2024-11-04 10:45:46,002 - Línea recibida del Arduino: INFO: SEND G28 TO CALIBRATE
2024-11-04 10:46:22,976 - Usuarios cargados correctamente.
2024-11-04 10:46:53,588 - Usuarios cargados correctamente.
2024-11-04 10:48:39,193 - Puerto COM3 abierto correctamente.
2024-11-04 10:48:40,857 - Línea recibida del Arduino: INFO: ROBOT ONLINE
2024-11-04 10:48:40,865 - Línea recibida del Arduino: INFO: SEND G28 TO CALIBRATE
2024-11-04 10:53:54,658 - Usuarios cargados correctamente.
2024-11-04 10:54:23,650 - Puerto COM3 abierto correctamente.
2024-11-04 10:54:25,323 - Línea recibida del Arduino: INFO: ROBOT ONLINE
2024-11-04 10:54:25,323 - Línea recibida del Arduino: INFO: SEND G28 TO CALIBRATE
2024-11-04 10:59:05,143 - Usuarios cargados correctamente.
2024-11-04 10:59:46,707 - Puerto COM3 abierto correctamente.
2024-11-04 10:59:48,371 - Línea recibida del Arduino: INFO: ROBOT ONLINE
2024-11-04 10:59:48,371 - Línea recibida del Arduino: INFO: SEND G28 TO CALIBRATE
2024-11-04 11:00:06,096 - Usuario Nico ha enviado el código G-code: M3
2024-11-04 11:00:06,096 - Código G-code M3 enviado al puerto COM3.
2024-11-04 11:00:08,103 - Respuesta del Arduino: INFO: GRIPPER ON
2024-11-04 11:26:11,150 - Usuarios cargados correctamente.
2024-11-04 11:26:11,151 - Códigos G-code cargados correctamente.
2024-11-04 11:26:19,665 - Usuario Nico autenticado correctamente.
2024-11-04 11:26:31,886 - Puerto COM3 abierto correctamente.
2024-11-04 11:26:33,546 - Línea recibida del Arduino: INFO: ROBOT ONLINE
2024-11-04 11:26:33,550 - Línea recibida del Arduino: INFO: SEND G28 TO CALIBRATE
2024-11-04 11:26:36,703 - Intento de conectar al robot cuando ya estaba conectado.
2024-11-04 11:40:28,008 - Usuarios cargados correctamente.
2024-11-04 11:40:28,008 - Códigos G-code cargados correctamente.
2024-11-04 11:40:39,157 - Autenticación fallida para el usuario Nico.
2024-11-04 11:40:47,752 - Usuario Nico autenticado correctamente.
2024-11-04 11:41:16,666 - Puerto COM3 abierto correctamente.
2024-11-04 11:41:18,326 - Línea recibida del Arduino: INFO: ROBOT ONLINE
2024-11-04 11:41:18,329 - Línea recibida del Arduino: INFO: SEND G28 TO CALIBRATE
2024-11-04 11:41:44,698 - Usuario Nico ha enviado el código G-code: G28
2024-11-04 11:41:44,699 - Código G-code G28 enviado al puerto COM3.
2024-11-04 11:41:46,701 - Respuesta del Arduino: INFO: HOMING
2024-11-04 11:59:49,217 - Usuarios cargados correctamente.
2024-11-04 11:59:49,217 - Códigos G-code cargados correctamente.
2024-11-04 12:01:32,842 - Usuario Nico autenticado correctamente.
2024-11-04 12:01:58,560 - Usuario Nico autenticado correctamente.
2024-11-04 12:02:06,668 - Puerto COM3 abierto correctamente.
2024-11-04 12:02:08,331 - Línea recibida del Arduino: INFO: ROBOT ONLINE
2024-11-04 12:02:08,332 - Línea recibida del Arduino: INFO: SEND G28 TO CALIBRATE
2024-11-04 12:02:24,045 - Usuarios cargados correctamente.
2024-11-04 12:02:24,045 - Códigos G-code cargados correctamente.
2024-11-04 12:02:32,040 - Usuario Nico autenticado correctamente.
2024-11-04 12:02:38,231 - Puerto COM3 abierto correctamente.
2024-11-04 12:02:39,915 - Línea recibida del Arduino: INFO: ROBOT ONLINE
2024-11-04 12:02:39,916 - Línea recibida del Arduino: INFO: SEND G28 TO CALIBRATE
2024-11-04 12:03:02,577 - Usuario Nico ha enviado el código G-code: M3
2024-11-04 12:03:02,577 - Código G-code M3 enviado al puerto COM3.
2024-11-04 12:03:04,578 - Respuesta del Arduino: INFO: GRIPPER ON
2024-11-04 12:04:52,718 - Usuarios cargados correctamente.
2024-11-04 12:04:52,719 - Códigos G-code cargados correctamente.
2024-11-04 12:04:58,085 - Usuario Nico autenticado correctamente.
2024-11-04 12:05:19,314 - Puerto COM3 abierto correctamente.
2024-11-04 12:05:20,975 - Línea recibida del Arduino: INFO: ROBOT ONLINE
2024-11-04 12:05:20,978 - Línea recibida del Arduino: INFO: SEND G28 TO CALIBRATE
2024-11-04 12:05:37,404 - Error al enviar el código G-code: 'Servidor' object has no attribute 'motores_activados'
2024-11-04 12:06:01,499 - Comando M17 enviado: Motores activados.
2024-11-04 12:06:11,970 - Usuario Nico ha enviado el código G-code: G28
2024-11-04 12:06:11,971 - Código G-code G28 enviado al puerto COM3.
2024-11-04 12:06:13,972 - Respuesta del Arduino: INFO: HOMING
2024-11-04 12:06:21,616 - Usuario Nico ha enviado el código G-code: M3
2024-11-04 12:06:21,617 - Código G-code M3 enviado al puerto COM3.
2024-11-04 12:06:23,618 - Respuesta del Arduino: INFO: HOMING COMPLETE t=7.50s
2024-11-04 12:36:20,469 - Usuarios cargados correctamente.
2024-11-04 12:36:20,470 - Códigos G-code cargados correctamente.
2024-11-04 12:36:20,470 - Usuario usuario_test ha enviado el código G-code: G1 X100
2024-11-04 12:36:20,470 - Código G-code no reconocido.
2024-11-04 12:36:20,470 - Usuarios cargados correctamente.
2024-11-04 12:36:20,470 - Usuarios cargados correctamente.
2024-11-04 12:36:20,470 - Códigos G-code cargados correctamente.
2024-11-04 12:36:20,470 - Códigos G-code cargados correctamente.
2024-11-04 12:36:20,471 - Usuario usuario_test ha enviado el código G-code: G1 Z100
2024-11-04 12:36:20,471 - Usuario usuario_test ha enviado el código G-code: G1 Z100
2024-11-04 12:36:20,471 - Código G-code no reconocido.
2024-11-04 12:36:20,471 - Código G-code no reconocido.
2024-11-04 12:36:20,471 - Usuarios cargados correctamente.
2024-11-04 12:36:20,471 - Usuarios cargados correctamente.
2024-11-04 12:36:20,471 - Usuarios cargados correctamente.
2024-11-04 12:36:20,471 - Códigos G-code cargados correctamente.
2024-11-04 12:36:20,471 - Códigos G-code cargados correctamente.
2024-11-04 12:36:20,471 - Códigos G-code cargados correctamente.
2024-11-04 12:36:20,474 - Usuarios cargados correctamente.
2024-11-04 12:36:20,474 - Usuarios cargados correctamente.
2024-11-04 12:36:20,474 - Usuarios cargados correctamente.
2024-11-04 12:36:20,474 - Usuarios cargados correctamente.
2024-11-04 12:36:20,474 - Códigos G-code cargados correctamente.
2024-11-04 12:36:20,474 - Códigos G-code cargados correctamente.
2024-11-04 12:36:20,474 - Códigos G-code cargados correctamente.
2024-11-04 12:36:20,474 - Códigos G-code cargados correctamente.
2024-11-04 12:36:20,475 - Usuarios cargados correctamente.
2024-11-04 12:36:20,475 - Usuarios cargados correctamente.
2024-11-04 12:36:20,475 - Usuarios cargados correctamente.
2024-11-04 12:36:20,475 - Usuarios cargados correctamente.
2024-11-04 12:36:20,475 - Usuarios cargados correctamente.
2024-11-04 12:36:20,476 - Códigos G-code cargados correctamente.
2024-11-04 12:36:20,476 - Códigos G-code cargados correctamente.
2024-11-04 12:36:20,476 - Códigos G-code cargados correctamente.
2024-11-04 12:36:20,476 - Códigos G-code cargados correctamente.
2024-11-04 12:36:20,476 - Códigos G-code cargados correctamente.
2024-11-04 12:36:20,476 - El homing (G28) debe realizarse como la primera acción después de activar los motores.
2024-11-04 12:36:20,476 - El homing (G28) debe realizarse como la primera acción después de activar los motores.
2024-11-04 12:36:20,476 - El homing (G28) debe realizarse como la primera acción después de activar los motores.
2024-11-04 12:36:20,476 - El homing (G28) debe realizarse como la primera acción después de activar los motores.
2024-11-04 12:36:20,476 - El homing (G28) debe realizarse como la primera acción después de activar los motores.
2024-11-04 12:36:20,477 - Usuarios cargados correctamente.
2024-11-04 12:36:20,477 - Usuarios cargados correctamente.
2024-11-04 12:36:20,477 - Usuarios cargados correctamente.
2024-11-04 12:36:20,477 - Usuarios cargados correctamente.
2024-11-04 12:36:20,477 - Usuarios cargados correctamente.
2024-11-04 12:36:20,477 - Usuarios cargados correctamente.
2024-11-04 12:36:20,496 - Códigos G-code cargados correctamente.
2024-11-04 12:36:20,496 - Códigos G-code cargados correctamente.
2024-11-04 12:36:20,496 - Códigos G-code cargados correctamente.
2024-11-04 12:36:20,496 - Códigos G-code cargados correctamente.
2024-11-04 12:36:20,496 - Códigos G-code cargados correctamente.
2024-11-04 12:36:20,496 - Códigos G-code cargados correctamente.
2024-11-04 12:36:20,498 - Los motores deben estar activados antes de enviar cualquier comando.
2024-11-04 12:36:20,498 - Los motores deben estar activados antes de enviar cualquier comando.
2024-11-04 12:36:20,498 - Los motores deben estar activados antes de enviar cualquier comando.
2024-11-04 12:36:20,498 - Los motores deben estar activados antes de enviar cualquier comando.
2024-11-04 12:36:20,498 - Los motores deben estar activados antes de enviar cualquier comando.
2024-11-04 12:36:20,498 - Los motores deben estar activados antes de enviar cualquier comando.
2024-11-04 12:38:42,128 - Usuarios cargados correctamente.
2024-11-04 12:38:42,129 - Códigos G-code cargados correctamente.
2024-11-04 12:38:42,129 - Usuario usuario_test ha enviado el código G-code: G1 X100
2024-11-04 12:38:42,129 - Código G-code no reconocido.
2024-11-04 12:38:42,129 - Usuarios cargados correctamente.
2024-11-04 12:38:42,129 - Usuarios cargados correctamente.
2024-11-04 12:38:42,130 - Códigos G-code cargados correctamente.
2024-11-04 12:38:42,130 - Códigos G-code cargados correctamente.
2024-11-04 12:38:42,130 - Usuario usuario_test ha enviado el código G-code: G1 Z100
2024-11-04 12:38:42,130 - Usuario usuario_test ha enviado el código G-code: G1 Z100
2024-11-04 12:38:42,130 - Código G-code no reconocido.
2024-11-04 12:38:42,130 - Código G-code no reconocido.
2024-11-04 12:38:42,131 - Usuarios cargados correctamente.
2024-11-04 12:38:42,131 - Usuarios cargados correctamente.
2024-11-04 12:38:42,131 - Usuarios cargados correctamente.
2024-11-04 12:38:42,131 - Códigos G-code cargados correctamente.
2024-11-04 12:38:42,131 - Códigos G-code cargados correctamente.
2024-11-04 12:38:42,131 - Códigos G-code cargados correctamente.
2024-11-04 12:38:42,132 - Usuarios cargados correctamente.
2024-11-04 12:38:42,132 - Usuarios cargados correctamente.
2024-11-04 12:38:42,132 - Usuarios cargados correctamente.
2024-11-04 12:38:42,132 - Usuarios cargados correctamente.
2024-11-04 12:38:42,133 - Códigos G-code cargados correctamente.
2024-11-04 12:38:42,133 - Códigos G-code cargados correctamente.
2024-11-04 12:38:42,133 - Códigos G-code cargados correctamente.
2024-11-04 12:38:42,133 - Códigos G-code cargados correctamente.
2024-11-04 12:38:42,133 - Usuarios cargados correctamente.
2024-11-04 12:38:42,133 - Usuarios cargados correctamente.
2024-11-04 12:38:42,133 - Usuarios cargados correctamente.
2024-11-04 12:38:42,133 - Usuarios cargados correctamente.
2024-11-04 12:38:42,133 - Usuarios cargados correctamente.
2024-11-04 12:38:42,134 - Códigos G-code cargados correctamente.
2024-11-04 12:38:42,134 - Códigos G-code cargados correctamente.
2024-11-04 12:38:42,134 - Códigos G-code cargados correctamente.
2024-11-04 12:38:42,134 - Códigos G-code cargados correctamente.
2024-11-04 12:38:42,134 - Códigos G-code cargados correctamente.
2024-11-04 12:38:42,134 - El homing (G28) debe realizarse como la primera acción después de activar los motores.
2024-11-04 12:38:42,134 - El homing (G28) debe realizarse como la primera acción después de activar los motores.
2024-11-04 12:38:42,134 - El homing (G28) debe realizarse como la primera acción después de activar los motores.
2024-11-04 12:38:42,134 - El homing (G28) debe realizarse como la primera acción después de activar los motores.
2024-11-04 12:38:42,134 - El homing (G28) debe realizarse como la primera acción después de activar los motores.
2024-11-04 12:38:42,135 - Usuarios cargados correctamente.
2024-11-04 12:38:42,135 - Usuarios cargados correctamente.
2024-11-04 12:38:42,135 - Usuarios cargados correctamente.
2024-11-04 12:38:42,135 - Usuarios cargados correctamente.
2024-11-04 12:38:42,135 - Usuarios cargados correctamente.
2024-11-04 12:38:42,135 - Usuarios cargados correctamente.
2024-11-04 12:38:42,136 - Códigos G-code cargados correctamente.
2024-11-04 12:38:42,136 - Códigos G-code cargados correctamente.
2024-11-04 12:38:42,136 - Códigos G-code cargados correctamente.
2024-11-04 12:38:42,136 - Códigos G-code cargados correctamente.
2024-11-04 12:38:42,136 - Códigos G-code cargados correctamente.
2024-11-04 12:38:42,136 - Códigos G-code cargados correctamente.
2024-11-04 12:38:42,137 - Los motores deben estar activados antes de enviar cualquier comando.
2024-11-04 12:38:42,137 - Los motores deben estar activados antes de enviar cualquier comando.
2024-11-04 12:38:42,137 - Los motores deben estar activados antes de enviar cualquier comando.
2024-11-04 12:38:42,137 - Los motores deben estar activados antes de enviar cualquier comando.
2024-11-04 12:38:42,137 - Los motores deben estar activados antes de enviar cualquier comando.
2024-11-04 12:38:42,137 - Los motores deben estar activados antes de enviar cualquier comando.
2024-11-04 12:40:49,308 - Usuarios cargados correctamente.
2024-11-04 12:40:49,309 - Códigos G-code cargados correctamente.
2024-11-04 12:41:04,809 - Usuario Nico autenticado correctamente.
2024-11-04 12:41:15,820 - Puerto COM3 abierto correctamente.
2024-11-04 12:41:17,483 - Línea recibida del Arduino: INFO: ROBOT ONLINE
2024-11-04 12:41:17,485 - Línea recibida del Arduino: INFO: SEND G28 TO CALIBRATE
2024-11-04 12:41:38,277 - Los motores deben estar activados antes de enviar cualquier comando.
2024-11-04 12:41:49,329 - Comando M17 enviado: Motores activados.
2024-11-04 12:41:58,473 - Usuario Nico ha enviado el código G-code: G28
2024-11-04 12:41:58,474 - Código G-code G28 enviado al puerto COM3.
2024-11-04 12:42:00,475 - Respuesta del Arduino: INFO: HOMING
2024-11-04 13:12:12,898 - Usuarios cargados correctamente.
2024-11-04 13:12:12,898 - Códigos G-code cargados correctamente.
2024-11-04 13:12:29,599 - Usuario Nico autenticado correctamente.
2024-11-04 13:13:07,926 - Error al activar los motores: El robot no está conectado.
2024-11-04 13:13:14,642 - Error al abrir el puerto serial: could not open port 'COM3': PermissionError(13, 'Acceso denegado.', None, 5)
2024-11-04 13:13:36,215 - Usuarios cargados correctamente.
2024-11-04 13:13:36,216 - Códigos G-code cargados correctamente.
2024-11-04 13:13:42,482 - Usuario Nico autenticado correctamente.
2024-11-04 13:13:48,091 - Puerto COM3 abierto correctamente.
2024-11-04 13:13:49,752 - Línea recibida del Arduino: INFO: ROBOT ONLINE
2024-11-04 13:13:49,756 - Línea recibida del Arduino: INFO: SEND G28 TO CALIBRATE
2024-11-04 13:13:53,881 - Comando M17 enviado: Motores activados.
2024-11-04 13:14:07,777 - Usuario Nico ha enviado el código G-code: G28
2024-11-04 13:14:07,777 - Código G-code G28 enviado al puerto COM3.
2024-11-04 13:14:09,778 - Línea recibida del Arduino: INFO: HOMING
2024-11-04 13:14:09,781 - Línea recibida del Arduino: INFO: HOMING COMPLETE t=7.50s
2024-11-04 13:21:12,787 - Usuarios cargados correctamente.
2024-11-04 13:21:12,788 - Códigos G-code cargados correctamente.
2024-11-04 13:21:19,199 - Usuario Nico autenticado correctamente.
2024-11-04 13:33:59,031 - Usuarios cargados correctamente.
2024-11-04 13:33:59,032 - Códigos G-code cargados correctamente.
2024-11-04 13:34:07,878 - Autenticación fallida para el usuario Nico.
2024-11-04 13:34:16,172 - Usuario Nico autenticado correctamente.
2024-11-04 13:34:20,056 - Puerto COM3 abierto correctamente.
2024-11-04 13:34:21,717 - Línea recibida del Arduino: INFO: ROBOT ONLINE
2024-11-04 13:34:21,721 - Línea recibida del Arduino: INFO: SEND G28 TO CALIBRATE
2024-11-04 13:34:26,371 - Comando M17 enviado: Motores activados.
2024-11-04 13:34:33,220 - Usuario Nico ha enviado el código G-code: G28
2024-11-04 13:34:33,221 - Código G-code G28 enviado al puerto COM3.
2024-11-04 13:34:35,222 - Línea recibida del Arduino: INFO: HOMING
2024-11-04 13:34:35,225 - Línea recibida del Arduino: INFO: HOMING COMPLETE t=7.50s
2024-11-04 13:34:51,702 - Usuario Nico ha enviado el código G-code: G1 X2.00 Y3.00 Z4.00 F2.00
2024-11-04 13:34:51,703 - Código G-code no reconocido.
2024-11-04 13:35:36,887 - Usuario Nico ha enviado el código G-code: G1 X150.00 Y150.00 Z0.00 F20.00
2024-11-04 13:35:36,888 - Código G-code no reconocido.
2024-11-05 13:03:19,739 - Usuarios cargados correctamente.
2024-11-05 13:03:19,740 - Códigos G-code cargados correctamente.
2024-11-05 13:05:58,871 - Usuario Barto autenticado correctamente.
2024-11-05 13:06:04,514 - Solicitud de saludo recibida de: Barto
2024-11-05 13:06:41,334 - Error al abrir el puerto serial: could not open port 'COM3': FileNotFoundError(2, 'El sistema no puede encontrar el archivo especificado.', None, 2)
2024-11-05 13:07:12,170 - Usuario Barto autenticado correctamente.
2024-11-05 13:07:18,200 - Error al abrir el puerto serial: could not open port 'COM3': FileNotFoundError(2, 'El sistema no puede encontrar el archivo especificado.', None, 2)
2024-11-05 13:07:45,430 - Error al activar los motores: El robot no está conectado.
2024-11-05 14:41:36,795 - Usuario Barto autenticado correctamente.
2024-11-05 15:04:42,479 - Usuarios cargados correctamente.
2024-11-05 15:04:42,481 - Códigos G-code cargados correctamente.
2024-11-05 15:08:06,378 - Usuarios cargados correctamente.
2024-11-05 15:08:06,378 - Códigos G-code cargados correctamente.
2024-11-05 15:08:30,455 - Usuario Barto autenticado correctamente.
2024-11-05 15:08:32,679 - Solicitud de saludo recibida de: Barto
2024-11-05 15:09:02,609 - Puerto COM5 abierto correctamente.
2024-11-05 15:09:04,258 - Línea recibida del Arduino: INFO: ROBOT ONLINE
2024-11-05 15:09:04,259 - Línea recibida del Arduino: INFO: SEND G28 TO CALIBRATE
2024-11-05 15:09:13,434 - Comando M17 enviado: Motores activados.
2024-11-05 15:09:26,354 - El homing (G28) debe realizarse como la primera acción después de activar los motores.
2024-11-05 15:09:43,483 - El homing (G28) debe realizarse como la primera acción después de activar los motores.
2024-11-05 15:09:46,488 - El homing (G28) debe realizarse como la primera acción después de activar los motores.
2024-11-05 15:09:49,495 - El homing (G28) debe realizarse como la primera acción después de activar los motores.
2024-11-05 15:09:52,510 - El homing (G28) debe realizarse como la primera acción después de activar los motores.
2024-11-05 15:09:55,520 - El homing (G28) debe realizarse como la primera acción después de activar los motores.
2024-11-05 15:09:58,529 - El homing (G28) debe realizarse como la primera acción después de activar los motores.
2024-11-05 15:10:01,543 - El homing (G28) debe realizarse como la primera acción después de activar los motores.
2024-11-05 15:10:04,550 - El homing (G28) debe realizarse como la primera acción después de activar los motores.
2024-11-05 15:10:29,611 - Comando M17 enviado: Motores activados.
2024-11-05 15:10:41,340 - El homing (G28) debe realizarse como la primera acción después de activar los motores.
2024-11-05 15:10:44,344 - El homing (G28) debe realizarse como la primera acción después de activar los motores.
2024-11-05 15:10:47,352 - El homing (G28) debe realizarse como la primera acción después de activar los motores.
2024-11-05 15:10:50,358 - El homing (G28) debe realizarse como la primera acción después de activar los motores.
2024-11-05 15:10:53,361 - El homing (G28) debe realizarse como la primera acción después de activar los motores.
2024-11-05 15:10:56,368 - El homing (G28) debe realizarse como la primera acción después de activar los motores.
2024-11-05 15:10:59,374 - El homing (G28) debe realizarse como la primera acción después de activar los motores.
2024-11-05 15:11:02,377 - El homing (G28) debe realizarse como la primera acción después de activar los motores.
2024-11-05 15:11:49,540 - El homing (G28) debe realizarse como la primera acción después de activar los motores.
2024-11-05 15:11:52,546 - El homing (G28) debe realizarse como la primera acción después de activar los motores.
2024-11-05 15:11:55,554 - El homing (G28) debe realizarse como la primera acción después de activar los motores.
2024-11-05 15:11:58,562 - El homing (G28) debe realizarse como la primera acción después de activar los motores.
2024-11-05 15:12:01,565 - El homing (G28) debe realizarse como la primera acción después de activar los motores.
2024-11-05 15:12:04,580 - El homing (G28) debe realizarse como la primera acción después de activar los motores.
2024-11-05 15:12:07,593 - El homing (G28) debe realizarse como la primera acción después de activar los motores.
2024-11-05 15:12:10,609 - El homing (G28) debe realizarse como la primera acción después de activar los motores.
2024-11-05 15:14:18,296 - Usuario Barto autenticado correctamente.
2024-11-05 15:14:22,905 - Solicitud de saludo recibida de: Barto
2024-11-05 15:14:30,251 - Intento de conectar al robot cuando ya estaba conectado.
2024-11-05 15:14:35,549 - El homing (G28) debe realizarse como la primera acción después de activar los motores.
2024-11-05 15:14:38,552 - El homing (G28) debe realizarse como la primera acción después de activar los motores.
2024-11-05 15:14:41,560 - El homing (G28) debe realizarse como la primera acción después de activar los motores.
2024-11-05 15:14:44,568 - El homing (G28) debe realizarse como la primera acción después de activar los motores.
2024-11-05 15:14:47,584 - El homing (G28) debe realizarse como la primera acción después de activar los motores.
2024-11-05 15:14:50,624 - El homing (G28) debe realizarse como la primera acción después de activar los motores.
2024-11-05 15:14:53,663 - El homing (G28) debe realizarse como la primera acción después de activar los motores.
2024-11-05 15:14:56,678 - El homing (G28) debe realizarse como la primera acción después de activar los motores.
2024-11-05 15:15:29,559 - El homing (G28) debe realizarse como la primera acción después de activar los motores.
2024-11-05 15:15:32,562 - El homing (G28) debe realizarse como la primera acción después de activar los motores.
2024-11-05 15:15:35,571 - El homing (G28) debe realizarse como la primera acción después de activar los motores.
2024-11-05 15:15:38,578 - El homing (G28) debe realizarse como la primera acción después de activar los motores.
2024-11-05 15:15:41,582 - El homing (G28) debe realizarse como la primera acción después de activar los motores.
2024-11-05 15:15:44,588 - El homing (G28) debe realizarse como la primera acción después de activar los motores.
2024-11-05 15:15:47,596 - El homing (G28) debe realizarse como la primera acción después de activar los motores.
2024-11-05 15:17:42,042 - El homing (G28) debe realizarse como la primera acción después de activar los motores.
2024-11-05 15:17:45,057 - El homing (G28) debe realizarse como la primera acción después de activar los motores.
2024-11-05 15:17:48,063 - El homing (G28) debe realizarse como la primera acción después de activar los motores.
2024-11-05 15:17:51,070 - El homing (G28) debe realizarse como la primera acción después de activar los motores.
2024-11-05 15:17:54,086 - El homing (G28) debe realizarse como la primera acción después de activar los motores.
2024-11-05 15:17:57,092 - El homing (G28) debe realizarse como la primera acción después de activar los motores.
2024-11-05 15:18:00,107 - El homing (G28) debe realizarse como la primera acción después de activar los motores.
2024-11-05 15:18:03,116 - El homing (G28) debe realizarse como la primera acción después de activar los motores.
2024-11-05 15:19:12,095 - Usuarios cargados correctamente.
2024-11-05 15:19:12,096 - Códigos G-code cargados correctamente.
2024-11-05 15:19:39,593 - Usuario Barto autenticado correctamente.
2024-11-05 15:19:41,192 - Solicitud de saludo recibida de: Barto
2024-11-05 15:19:59,108 - Puerto COM5 abierto correctamente.
2024-11-05 15:20:00,756 - Línea recibida del Arduino: INFO: ROBOT ONLINE
2024-11-05 15:20:00,759 - Línea recibida del Arduino: INFO: SEND G28 TO CALIBRATE
2024-11-05 15:20:14,722 - Los motores deben estar activados antes de enviar cualquier comando.
2024-11-05 15:20:22,275 - Comando M17 enviado: Motores activados.
2024-11-05 15:20:30,683 - Usuario Barto ha enviado el código G-code: G28
2024-11-05 15:20:30,684 - Código G-code G28 enviado al puerto COM3.
2024-11-05 15:20:32,686 - Línea recibida del Arduino: INFO: HOMING
2024-11-05 15:20:32,687 - Línea recibida del Arduino: INFO: HOMING COMPLETE t=7.50s
2024-11-05 15:20:48,084 - Usuario automatico ha enviado el código G-code: G28,Hacer homing.
2024-11-05 15:20:48,084 - Código G-code no reconocido.
2024-11-05 15:20:53,101 - Usuario automatico ha enviado el código G-code: M17,Activar motores.
2024-11-05 15:20:53,102 - Código G-code no reconocido.
2024-11-05 15:20:58,116 - Usuario automatico ha enviado el código G-code: M3,Activar gripper.
2024-11-05 15:20:58,117 - Código G-code no reconocido.
2024-11-05 15:21:03,125 - Usuario automatico ha enviado el código G-code: G90,Modo de coordenadas absolutas.
2024-11-05 15:21:03,125 - Código G-code no reconocido.
2024-11-05 15:21:08,137 - Usuario automatico ha enviado el código G-code: G91,Modo de coordenadas relativas.
2024-11-05 15:21:08,137 - Código G-code no reconocido.
2024-11-05 15:21:13,143 - Usuario automatico ha enviado el código G-code: M114,Reporte de modo de coordenadas y posición actual del robot.
2024-11-05 15:21:13,145 - Código G-code no reconocido.
2024-11-05 15:21:18,150 - Usuario automatico ha enviado el código G-code: M5,Desactivar gripper.
2024-11-05 15:21:18,150 - Código G-code no reconocido.
2024-11-05 15:21:23,162 - Usuario automatico ha enviado el código G-code: M18,Desactivar motores.
2024-11-05 15:21:23,163 - Código G-code no reconocido.
2024-11-05 15:28:51,691 - Usuarios cargados correctamente.
2024-11-05 15:28:51,692 - Códigos G-code cargados correctamente.
2024-11-05 15:29:27,047 - Usuario Barto autenticado correctamente.
2024-11-05 15:29:29,388 - Solicitud de saludo recibida de: Barto
2024-11-05 15:29:34,844 - Error al activar los motores: El robot no está conectado.
2024-11-05 15:29:50,280 - Puerto COM5 abierto correctamente.
2024-11-05 15:29:51,930 - Línea recibida del Arduino: INFO: ROBOT ONLINE
2024-11-05 15:29:51,930 - Línea recibida del Arduino: INFO: SEND G28 TO CALIBRATE
2024-11-05 15:29:55,129 - Comando M17 enviado: Motores activados.
2024-11-05 15:30:00,321 - Usuario Barto ha enviado el código G-code: G28
2024-11-05 15:30:00,322 - Código G-code G28 enviado al puerto COM3.
2024-11-05 15:30:02,323 - Línea recibida del Arduino: INFO: HOMING
2024-11-05 15:30:02,323 - Línea recibida del Arduino: INFO: HOMING COMPLETE t=7.50s
2024-11-05 15:30:15,449 - Usuario automatico ha enviado el código G-code: G28,Hacer homing.
2024-11-05 15:30:15,449 - Código G-code no reconocido.
2024-11-05 15:30:20,462 - Usuario automatico ha enviado el código G-code: M17,Activar motores.
2024-11-05 15:30:20,462 - Código G-code no reconocido.
2024-11-05 15:30:25,480 - Usuario automatico ha enviado el código G-code: M3,Activar gripper.
2024-11-05 15:30:25,480 - Código G-code no reconocido.
2024-11-05 15:30:30,482 - Usuario automatico ha enviado el código G-code: G90,Modo de coordenadas absolutas.
2024-11-05 15:30:30,482 - Código G-code no reconocido.
2024-11-05 15:30:35,486 - Usuario automatico ha enviado el código G-code: G91,Modo de coordenadas relativas.
2024-11-05 15:30:35,487 - Código G-code no reconocido.
2024-11-05 15:30:40,500 - Usuario automatico ha enviado el código G-code: M114,Reporte de modo de coordenadas y posición actual del robot.
2024-11-05 15:30:40,500 - Código G-code no reconocido.
2024-11-05 15:30:45,502 - Usuario automatico ha enviado el código G-code: M5,Desactivar gripper.
2024-11-05 15:30:45,503 - Código G-code no reconocido.
2024-11-05 15:30:50,511 - Usuario automatico ha enviado el código G-code: M18,Desactivar motores.
2024-11-05 15:30:50,512 - Código G-code no reconocido.
2024-11-05 15:31:22,231 - Usuario Barto ha enviado el código G-code: M3
2024-11-05 15:31:22,231 - Código G-code M3 enviado al puerto COM3.
2024-11-05 15:31:24,233 - Línea recibida del Arduino: INFO: GRIPPER ON
2024-11-05 15:32:06,618 - Solicitud de saludo recibida de: Barto
2024-11-05 15:32:11,058 - Usuario automatico ha enviado el código G-code: G28,Hacer homing.
2024-11-05 15:32:11,059 - Código G-code no reconocido.
2024-11-05 15:32:16,075 - Usuario automatico ha enviado el código G-code: M17,Activar motores.
2024-11-05 15:32:16,075 - Código G-code no reconocido.
2024-11-05 15:32:21,080 - Usuario automatico ha enviado el código G-code: M3,Activar gripper.
2024-11-05 15:32:21,080 - Código G-code no reconocido.
2024-11-05 15:32:26,091 - Usuario automatico ha enviado el código G-code: G90,Modo de coordenadas absolutas.
2024-11-05 15:32:26,091 - Código G-code no reconocido.
2024-11-05 15:32:31,092 - Usuario automatico ha enviado el código G-code: G91,Modo de coordenadas relativas.
2024-11-05 15:32:31,092 - Código G-code no reconocido.
2024-11-05 15:32:36,108 - Usuario automatico ha enviado el código G-code: M114,Reporte de modo de coordenadas y posición actual del robot.
2024-11-05 15:32:36,108 - Código G-code no reconocido.
2024-11-05 15:32:41,124 - Usuario automatico ha enviado el código G-code: M5,Desactivar gripper.
2024-11-05 15:32:41,124 - Código G-code no reconocido.
2024-11-05 15:32:46,127 - Usuario automatico ha enviado el código G-code: M18,Desactivar motores.
2024-11-05 15:32:46,127 - Código G-code no reconocido.
2024-11-05 15:33:32,316 - Usuario Barto autenticado correctamente.
2024-11-05 15:33:34,166 - Solicitud de saludo recibida de: Barto
2024-11-05 15:33:38,148 - Intento de conectar al robot cuando ya estaba conectado.
2024-11-05 15:33:42,780 - Comando M17 enviado: Motores activados.
2024-11-05 15:33:47,925 - Usuario Barto ha enviado el código G-code: G28
2024-11-05 15:33:47,926 - Código G-code G28 enviado al puerto COM3.
2024-11-05 15:33:49,927 - Línea recibida del Arduino: INFO: HOMING
2024-11-05 15:33:49,928 - Línea recibida del Arduino: INFO: HOMING COMPLETE t=4.50s
2024-11-05 15:33:56,656 - Usuario automatico ha enviado el código G-code: G28
2024-11-05 15:33:56,657 - Código G-code G28 enviado al puerto COM3.
2024-11-05 15:33:58,659 - Línea recibida del Arduino: INFO: HOMING
2024-11-05 15:33:58,660 - Línea recibida del Arduino: INFO: HOMING COMPLETE t=3.50s
2024-11-05 15:34:03,661 - Usuario automatico ha enviado el código G-code: M17
2024-11-05 15:34:03,661 - Código G-code M17 enviado al puerto COM3.
2024-11-05 15:34:10,679 - Usuario automatico ha enviado el código G-code: M3
2024-11-05 15:34:10,679 - Código G-code M3 enviado al puerto COM3.
2024-11-05 15:34:12,682 - Línea recibida del Arduino: INFO: GRIPPER ON
2024-11-05 15:34:17,698 - Usuario automatico ha enviado el código G-code: G90
2024-11-05 15:34:17,698 - Código G-code G90 enviado al puerto COM3.
2024-11-05 15:34:19,701 - Línea recibida del Arduino: INFO: ABSOLUTE MODE ON
2024-11-05 15:34:24,708 - Usuario automatico ha enviado el código G-code: G91
2024-11-05 15:34:24,708 - Código G-code G91 enviado al puerto COM3.
2024-11-05 15:34:26,713 - Línea recibida del Arduino: INFO: RELATIVE MODE ON
2024-11-05 15:34:31,721 - Usuario automatico ha enviado el código G-code: M114
2024-11-05 15:34:31,721 - Código G-code M114 enviado al puerto COM3.
2024-11-05 15:34:33,726 - Línea recibida del Arduino: INFO: RELATIVE MODE
2024-11-05 15:34:33,726 - Línea recibida del Arduino: INFO: óURRENT POSITION: [X:0.00 Y:170.00 Z:120.00 E:0.00]
2024-11-05 15:34:38,734 - Usuario automatico ha enviado el código G-code: M5
2024-11-05 15:34:38,734 - Código G-code M5 enviado al puerto COM3.
2024-11-05 15:34:40,737 - Línea recibida del Arduino: INFO: GRIPPER OFF
2024-11-05 15:34:45,753 - Usuario automatico ha enviado el código G-code: M18
2024-11-05 15:34:45,754 - Código G-code M18 enviado al puerto COM3.
