2024-11-06 12:01:50,215 - INFO - Usuarios cargados correctamente.
2024-11-06 12:01:50,215 - INFO - Códigos G-code cargados correctamente.
2024-11-06 12:03:55,201 - INFO - Usuario Nicolas registrado correctamente.
2024-11-06 12:04:28,425 - INFO - Usuario Nicolas autenticado correctamente.
2024-11-06 12:05:14,937 - INFO - Solicitud de saludo recibida de: Nicolas
2024-11-06 12:06:25,019 - INFO - Puerto COM3 abierto correctamente con baudrate 115200 y timeout 2.
2024-11-06 12:06:26,685 - INFO - Línea recibida del Arduino: INFO: ROBOT ONLINE
2024-11-06 12:06:26,695 - INFO - Línea recibida del Arduino: INFO: SEND G28 TO CALIBRATE
2024-11-06 12:06:30,133 - INFO - Comando M17 enviado: Motores activados.
2024-11-06 12:06:51,243 - ERROR - El homing (G28) debe realizarse como la primera acción después de activar los motores.
2024-11-06 12:07:15,719 - INFO - Usuario Nicolas ha enviado el código G-code: G28
2024-11-06 12:07:15,719 - INFO - Código G-code G28 enviado al puerto COM3.
2024-11-06 12:07:17,725 - INFO - Línea recibida del Arduino: INFO: HOMING
2024-11-06 12:07:17,725 - INFO - Línea recibida del Arduino: INFO: HOMING COMPLETE t=7.50s
2024-11-06 12:07:34,374 - INFO - Usuario Nicolas ha enviado el código G-code: M3
2024-11-06 12:07:34,374 - INFO - Código G-code M3 enviado al puerto COM3.
2024-11-06 12:07:36,378 - INFO - Línea recibida del Arduino: INFO: GRIPPER ON
2024-11-06 12:08:48,745 - INFO - Usuario En automatico ha enviado el código G-code: G28
2024-11-06 12:08:48,745 - INFO - Código G-code G28 enviado al puerto COM3.
2024-11-06 12:08:50,757 - INFO - Línea recibida del Arduino: INFO: HOMING
2024-11-06 12:08:50,762 - INFO - Línea recibida del Arduino: INFO: HOMING COMPLETE t=4.50s
2024-11-06 12:08:55,775 - INFO - Usuario En automatico ha enviado el código G-code: M17
2024-11-06 12:08:55,805 - INFO - Código G-code M17 enviado al puerto COM3.
2024-11-06 12:09:02,822 - INFO - Usuario En automatico ha enviado el código G-code: M3
2024-11-06 12:09:02,839 - INFO - Código G-code M3 enviado al puerto COM3.
2024-11-06 12:09:04,840 - INFO - Línea recibida del Arduino: INFO: GRIPPER ON
2024-11-06 12:09:09,847 - INFO - Usuario En automatico ha enviado el código G-code: G90
2024-11-06 12:09:09,847 - INFO - Código G-code G90 enviado al puerto COM3.
2024-11-06 12:09:11,853 - INFO - Línea recibida del Arduino: INFO: ABSOLUTE MODE ON
2024-11-06 12:09:16,864 - INFO - Usuario En automatico ha enviado el código G-code: G91
2024-11-06 12:09:16,864 - INFO - Código G-code G91 enviado al puerto COM3.
2024-11-06 12:09:18,869 - INFO - Línea recibida del Arduino: INFO: RELATIVE MODE ON
2024-11-06 12:09:23,893 - INFO - Usuario En automatico ha enviado el código G-code: M114
2024-11-06 12:09:23,895 - INFO - Código G-code M114 enviado al puerto COM3.
2024-11-06 12:09:25,896 - INFO - Línea recibida del Arduino: INFO: RELATIVE MODE
2024-11-06 12:09:25,899 - INFO - Línea recibida del Arduino: INFO: ñCTUAL POSITION: [X:0.00 Y:170.00 Z:120.00 E:0.00]
2024-11-06 12:09:30,914 - INFO - Usuario En automatico ha enviado el código G-code: M5
2024-11-06 12:09:30,914 - INFO - Código G-code M5 enviado al puerto COM3.
2024-11-06 12:09:32,917 - INFO - Línea recibida del Arduino: INFO: GRIPPER OFF
2024-11-06 12:09:37,969 - INFO - Usuario En automatico ha enviado el código G-code: M18
2024-11-06 12:09:37,972 - INFO - Código G-code M18 enviado al puerto COM3.
