2024-11-05 23:38:51,442 - INFO - Conectado a Arduino en el puerto COM5.
2024-11-05 23:38:53,092 - INFO - Inicialización del Arduino: INFO: ROBOT ONLINE
2024-11-05 23:38:58,432 - ERROR - Error al conectar al Arduino en modo local: could not open port 'COM5': PermissionError(13, 'Acceso denegado.', None, 5)
2024-11-05 23:39:03,553 - INFO - Desconectado del Arduino.
2024-11-05 23:39:07,218 - INFO - Conectado a Arduino en el puerto COM5.
2024-11-05 23:39:08,867 - INFO - Inicialización del Arduino: INFO: ROBOT ONLINE
2024-11-05 23:39:12,301 - INFO - Enviando comando: M17
2024-11-05 23:39:14,303 - INFO - Respuesta del Arduino: INFO: SEND G28 TO CALIBRATE
2024-11-05 23:39:34,809 - INFO - Enviando comando: M17
2024-11-05 23:39:46,386 - INFO - Enviando comando: G28
2024-11-05 23:39:48,386 - INFO - Respuesta del Arduino: INFO: HOMING
2024-11-05 23:39:48,386 - INFO - Respuesta del Arduino: INFO: HOMING COMPLETE t=7.50s
2024-11-05 23:39:53,388 - INFO - Enviando comando: M17
2024-11-05 23:40:00,391 - INFO - Enviando comando: M3
2024-11-05 23:40:02,392 - INFO - Respuesta del Arduino: INFO: GRIPPER ON
2024-11-05 23:40:07,393 - INFO - Enviando comando: G90
2024-11-05 23:40:09,395 - INFO - Respuesta del Arduino: INFO: ABSOLUTE MODE ON
2024-11-05 23:40:14,396 - INFO - Enviando comando: G91
2024-11-05 23:40:16,397 - INFO - Respuesta del Arduino: INFO: RELATIVE MODE ON
2024-11-05 23:40:21,398 - INFO - Enviando comando: M114
2024-11-05 23:40:23,400 - INFO - Respuesta del Arduino: INFO: RELATIVE MODE
2024-11-05 23:40:23,402 - INFO - Respuesta del Arduino: INFO: óURRENT POSITION: [X:0.00 Y:170.00 Z:120.00 E:0.00]
2024-11-05 23:40:28,405 - INFO - Enviando comando: M5
2024-11-05 23:40:30,406 - INFO - Respuesta del Arduino: INFO: GRIPPER OFF
2024-11-05 23:40:35,407 - INFO - Enviando comando: M18
2024-11-05 23:40:45,342 - INFO - Desconectado del Arduino.
