2024-11-05 23:59:23,809 - INFO - Conectado a Arduino en el puerto COM5.
2024-11-05 23:59:25,458 - INFO - Inicialización del Arduino: INFO: ROBOT ONLINE
2024-11-05 23:59:31,805 - INFO - Desconectado del Arduino.
2024-11-05 23:59:36,758 - INFO - Conectado a Arduino en el puerto COM5.
2024-11-05 23:59:38,407 - INFO - Inicialización del Arduino: INFO: ROBOT ONLINE
2024-11-05 23:59:54,093 - INFO - Enviando comando: M17
2024-11-05 23:59:56,094 - INFO - Respuesta del Arduino: INFO: SEND G28 TO CALIBRATE
2024-11-06 00:00:12,254 - INFO - Enviando comando: G28
2024-11-06 00:00:14,257 - INFO - Respuesta del Arduino: INFO: HOMING
2024-11-06 00:00:14,259 - INFO - Respuesta del Arduino: INFO: HOMING COMPLETE t=7.50s
2024-11-06 00:00:19,261 - INFO - Enviando comando: M17
2024-11-06 00:00:26,264 - INFO - Enviando comando: M3
2024-11-06 00:00:28,265 - INFO - Respuesta del Arduino: INFO: GRIPPER ON
2024-11-06 00:00:33,266 - INFO - Enviando comando: G90
2024-11-06 00:00:35,267 - INFO - Respuesta del Arduino: INFO: ABSOLUTE MODE ON
2024-11-06 00:00:40,268 - INFO - Enviando comando: G91
2024-11-06 00:00:42,269 - INFO - Respuesta del Arduino: INFO: RELATIVE MODE ON
2024-11-06 00:00:47,270 - INFO - Enviando comando: M114
2024-11-06 00:00:49,271 - INFO - Respuesta del Arduino: INFO: RELATIVE MODE
2024-11-06 00:00:49,272 - INFO - Respuesta del Arduino: INFO: óURRENT POSITION: [X:0.00 Y:170.00 Z:120.00 E:0.00]
2024-11-06 00:00:54,273 - INFO - Enviando comando: M5
2024-11-06 00:00:56,274 - INFO - Respuesta del Arduino: INFO: GRIPPER OFF
2024-11-06 00:01:01,275 - INFO - Enviando comando: M18
2024-11-06 00:01:27,660 - INFO - Desconectado del Arduino.
